# JRE version: OpenJDK Runtime Environment Temurin-21.0.10+7 (21.0.10+7) (build 21.0.10+7-LTS)
# Java VM: OpenJDK 64-Bit Server VM Temurin-21.0.10+7 (21.0.10+7-LTS, mixed mode, tiered, compressed oops, compressed class ptrs, g1 gc, windows-amd64)
GC Precious Log:
 CardTable entry size: 512
 Card Set container configuration: InlinePtr #cards 5 size 8 Array Of Cards #cards 12 size 40 Howl #buckets 4 coarsen threshold 1843 Howl Bitmap #cards 512 size 80 coarsen threshold 460 Card regions per heap region 1 cards per card region 2048
 CPUs: 8 total, 8 available
 Memory: 8059M
 Large Page Support: Disabled
 NUMA Support: Disabled
 Compressed Oops: Enabled (32-bit)
 Heap Region Size: 1M
 Heap Min Capacity: 64M
 Heap Initial Capacity: 64M
 Heap Max Capacity: 2G
 Pre-touch: Disabled
 Parallel Workers: 8
 Concurrent Workers: 2
 Concurrent Refinement Workers: 8
 Periodic GC: Disabled
Heap:
 garbage-first heap   total 95232K, used 30586K [0x0000000080000000, 0x0000000100000000)
  region size 1024K, 1 young (1024K), 1 survivors (1024K)
 Metaspace       used 23464K, committed 23680K, reserved 1114112K
  class space    used 2266K, committed 2368K, reserved 1048576K
GC Heap History (19 events):
Event: 0.723 GC heap before
{Heap before GC invocations=0 (full 0):
 garbage-first heap   total 65536K, used 23552K [0x0000000080000000, 0x0000000100000000)
  region size 1024K, 23 young (23552K), 0 survivors (0K)
 Metaspace       used 14587K, committed 14784K, reserved 1114112K
  class space    used 1318K, committed 1408K, reserved 1048576K
}
Event: 0.730 GC heap after
{Heap after GC invocations=1 (full 0):
 garbage-first heap   total 65536K, used 7872K [0x0000000080000000, 0x0000000100000000)
  region size 1024K, 3 young (3072K), 3 survivors (3072K)
 Metaspace       used 14587K, committed 14784K, reserved 1114112K
  class space    used 1318K, committed 1408K, reserved 1048576K
}
Event: 1.147 GC heap before
{Heap before GC invocations=1 (full 0):
 garbage-first heap   total 65536K, used 21184K [0x0000000080000000, 0x0000000100000000)
  region size 1024K, 18 young (18432K), 3 survivors (3072K)
 Metaspace       used 21402K, committed 21504K, reserved 1114112K
  class space    used 2065K, committed 2112K, reserved 1048576K
}
Event: 1.155 GC heap after
{Heap after GC invocations=2 (full 0):
 garbage-first heap   total 65536K, used 10603K [0x0000000080000000, 0x0000000100000000)
  region size 1024K, 3 young (3072K), 3 survivors (3072K)
 Metaspace       used 21402K, committed 21504K, reserved 1114112K
  class space    used 2065K, committed 2112K, reserved 1048576K
}
Event: 1.726 GC heap before
{Heap before GC invocations=3 (full 0):
 garbage-first heap   total 65536K, used 36203K [0x0000000080000000, 0x0000000100000000)
  region size 1024K, 28 young (28672K), 3 survivors (3072K)
 Metaspace       used 23002K, committed 23232K, reserved 1114112K
  class space    used 2222K, committed 2368K, reserved 1048576K
}
Event: 1.745 GC heap after
{Heap after GC invocations=4 (full 0):
 garbage-first heap   total 65536K, used 19167K [0x0000000080000000, 0x0000000100000000)
  region size 1024K, 4 young (4096K), 4 survivors (4096K)
 Metaspace       used 23002K, committed 23232K, reserved 1114112K
  class space    used 2222K, committed 2368K, reserved 1048576K
}
Event: 1.950 GC heap before
{Heap before GC invocations=4 (full 0):
 garbage-first heap   total 65536K, used 41695K [0x0000000080000000, 0x0000000100000000)
  region size 1024K, 26 young (26624K), 4 survivors (4096K)
 Metaspace       used 23137K, committed 23424K, reserved 1114112K
  class space    used 2227K, committed 2368K, reserved 1048576K
}
Event: 1.961 GC heap after
{Heap after GC invocations=5 (full 0):
 garbage-first heap   total 65536K, used 22429K [0x0000000080000000, 0x0000000100000000)
  region size 1024K, 3 young (3072K), 3 survivors (3072K)
 Metaspace       used 23137K, committed 23424K, reserved 1114112K
  class space    used 2227K, committed 2368K, reserved 1048576K
}
Event: 2.182 GC heap before
{Heap before GC invocations=5 (full 0):
 garbage-first heap   total 65536K, used 45981K [0x0000000080000000, 0x0000000100000000)
  region size 1024K, 26 young (26624K), 3 survivors (3072K)
 Metaspace       used 23167K, committed 23424K, reserved 1114112K
  class space    used 2228K, committed 2368K, reserved 1048576K
}
Event: 2.196 GC heap after
{Heap after GC invocations=6 (full 0):
 garbage-first heap   total 65536K, used 25485K [0x0000000080000000, 0x0000000100000000)
  region size 1024K, 3 young (3072K), 3 survivors (3072K)
 Metaspace       used 23167K, committed 23424K, reserved 1114112K
  class space    used 2228K, committed 2368K, reserved 1048576K
}
Event: 3.315 GC heap before
{Heap before GC invocations=6 (full 0):
 garbage-first heap   total 65536K, used 53133K [0x0000000080000000, 0x0000000100000000)
  region size 1024K, 26 young (26624K), 3 survivors (3072K)
 Metaspace       used 23461K, committed 23680K, reserved 1114112K
  class space    used 2266K, committed 2368K, reserved 1048576K
}
Event: 4.364 GC heap after
{Heap after GC invocations=7 (full 0):
 garbage-first heap   total 95232K, used 29253K [0x0000000080000000, 0x0000000100000000)
  region size 1024K, 3 young (3072K), 3 survivors (3072K)
 Metaspace       used 23461K, committed 23680K, reserved 1114112K
  class space    used 2266K, committed 2368K, reserved 1048576K
}
Event: 4.372 GC heap before
{Heap before GC invocations=7 (full 0):
 garbage-first heap   total 95232K, used 30277K [0x0000000080000000, 0x0000000100000000)
  region size 1024K, 4 young (4096K), 3 survivors (3072K)
 Metaspace       used 23461K, committed 23680K, reserved 1114112K
  class space    used 2266K, committed 2368K, reserved 1048576K
}
Event: 4.376 GC heap after
{Heap after GC invocations=8 (full 0):
 garbage-first heap   total 95232K, used 29767K [0x0000000080000000, 0x0000000100000000)
  region size 1024K, 1 young (1024K), 1 survivors (1024K)
 Metaspace       used 23461K, committed 23680K, reserved 1114112K
  class space    used 2266K, committed 2368K, reserved 1048576K
}
Event: 4.397 GC heap before
{Heap before GC invocations=8 (full 0):
 garbage-first heap   total 95232K, used 32839K [0x0000000080000000, 0x0000000100000000)
  region size 1024K, 4 young (4096K), 1 survivors (1024K)
 Metaspace       used 23463K, committed 23680K, reserved 1114112K
  class space    used 2266K, committed 2368K, reserved 1048576K
}
Event: 4.399 GC heap after
{Heap after GC invocations=9 (full 0):
 garbage-first heap   total 95232K, used 29768K [0x0000000080000000, 0x0000000100000000)
  region size 1024K, 1 young (1024K), 1 survivors (1024K)
 Metaspace       used 23463K, committed 23680K, reserved 1114112K
  class space    used 2266K, committed 2368K, reserved 1048576K
}
Event: 4.415 GC heap before
{Heap before GC invocations=9 (full 0):
 garbage-first heap   total 95232K, used 32840K [0x0000000080000000, 0x0000000100000000)
  region size 1024K, 4 young (4096K), 1 survivors (1024K)
 Metaspace       used 23463K, committed 23680K, reserved 1114112K
  class space    used 2266K, committed 2368K, reserved 1048576K
}
Event: 4.417 GC heap after
{Heap after GC invocations=10 (full 0):
 garbage-first heap   total 95232K, used 30126K [0x0000000080000000, 0x0000000100000000)
  region size 1024K, 1 young (1024K), 1 survivors (1024K)
 Metaspace       used 23463K, committed 23680K, reserved 1114112K
  class space    used 2266K, committed 2368K, reserved 1048576K
}
Event: 4.433 GC heap before
{Heap before GC invocations=10 (full 0):
 garbage-first heap   total 95232K, used 33198K [0x0000000080000000, 0x0000000100000000)
  region size 1024K, 4 young (4096K), 1 survivors (1024K)
 Metaspace       used 23464K, committed 23680K, reserved 1114112K
  class space    used 2266K, committed 2368K, reserved 1048576K
}

