# JRE version: OpenJDK Runtime Environment Temurin-21.0.10+7 (21.0.10+7) (build 21.0.10+7-LTS)
# Java VM: OpenJDK 64-Bit Server VM Temurin-21.0.10+7 (21.0.10+7-LTS, mixed mode, tiered, compressed oops, compressed class ptrs, g1 gc, windows-amd64)
GC Precious Log:
 CardTable entry size: 512
 Card Set container configuration: InlinePtr #cards 5 size 8 Array Of Cards #cards 12 size 40 Howl #buckets 4 coarsen threshold 1843 Howl Bitmap #cards 512 size 80 coarsen threshold 460 Card regions per heap region 1 cards per card region 2048
 CPUs: 8 total, 8 available
 Memory: 8059M
 Large Page Support: Disabled
 NUMA Support: Disabled
 Compressed Oops: Enabled (32-bit)
 Heap Region Size: 1M
 Heap Min Capacity: 64M
 Heap Initial Capacity: 64M
 Heap Max Capacity: 2G
 Pre-touch: Disabled
 Parallel Workers: 8
 Concurrent Workers: 2
 Concurrent Refinement Workers: 8
 Periodic GC: Disabled
Heap:
 garbage-first heap   total 163840K, used 110511K [0x0000000080000000, 0x0000000100000000)
  region size 1024K, 6 young (6144K), 6 survivors (6144K)
 Metaspace       used 24210K, committed 24384K, reserved 1114112K
  class space    used 2339K, committed 2432K, reserved 1048576K
GC Heap History (20 events):
Event: 2.986 GC heap after
{Heap after GC invocations=6 (full 0):
 garbage-first heap   total 65536K, used 25328K [0x0000000080000000, 0x0000000100000000)
  region size 1024K, 4 young (4096K), 4 survivors (4096K)
 Metaspace       used 23182K, committed 23360K, reserved 1114112K
  class space    used 2228K, committed 2304K, reserved 1048576K
}
Event: 3.180 GC heap before
{Heap before GC invocations=6 (full 0):
 garbage-first heap   total 65536K, used 52976K [0x0000000080000000, 0x0000000100000000)
  region size 1024K, 27 young (27648K), 4 survivors (4096K)
 Metaspace       used 23480K, committed 23680K, reserved 1114112K
  class space    used 2267K, committed 2368K, reserved 1048576K
}
Event: 3.192 GC heap after
{Heap after GC invocations=7 (full 0):
 garbage-first heap   total 94208K, used 29069K [0x0000000080000000, 0x0000000100000000)
  region size 1024K, 3 young (3072K), 3 survivors (3072K)
 Metaspace       used 23480K, committed 23680K, reserved 1114112K
  class space    used 2267K, committed 2368K, reserved 1048576K
}
Event: 3.597 GC heap before
{Heap before GC invocations=7 (full 0):
 garbage-first heap   total 94208K, used 74125K [0x0000000080000000, 0x0000000100000000)
  region size 1024K, 47 young (48128K), 3 survivors (3072K)
 Metaspace       used 23514K, committed 23744K, reserved 1114112K
  class space    used 2268K, committed 2368K, reserved 1048576K
}
Event: 3.616 GC heap after
{Heap after GC invocations=8 (full 0):
 garbage-first heap   total 94208K, used 34400K [0x0000000080000000, 0x0000000100000000)
  region size 1024K, 6 young (6144K), 6 survivors (6144K)
 Metaspace       used 23514K, committed 23744K, reserved 1114112K
  class space    used 2268K, committed 2368K, reserved 1048576K
}
Event: 3.875 GC heap before
{Heap before GC invocations=8 (full 0):
 garbage-first heap   total 94208K, used 73312K [0x0000000080000000, 0x0000000100000000)
  region size 1024K, 44 young (45056K), 6 survivors (6144K)
 Metaspace       used 23525K, committed 23808K, reserved 1114112K
  class space    used 2271K, committed 2432K, reserved 1048576K
}
Event: 3.898 GC heap after
{Heap after GC invocations=9 (full 0):
 garbage-first heap   total 94208K, used 39936K [0x0000000080000000, 0x0000000100000000)
  region size 1024K, 5 young (5120K), 5 survivors (5120K)
 Metaspace       used 23525K, committed 23808K, reserved 1114112K
  class space    used 2271K, committed 2432K, reserved 1048576K
}
Event: 4.140 GC heap before
{Heap before GC invocations=9 (full 0):
 garbage-first heap   total 94208K, used 76800K [0x0000000080000000, 0x0000000100000000)
  region size 1024K, 41 young (41984K), 5 survivors (5120K)
 Metaspace       used 23628K, committed 23936K, reserved 1114112K
  class space    used 2283K, committed 2432K, reserved 1048576K
}
Event: 4.161 GC heap after
{Heap after GC invocations=10 (full 0):
 garbage-first heap   total 94208K, used 45546K [0x0000000080000000, 0x0000000100000000)
  region size 1024K, 5 young (5120K), 5 survivors (5120K)
 Metaspace       used 23628K, committed 23936K, reserved 1114112K
  class space    used 2283K, committed 2432K, reserved 1048576K
}
Event: 4.453 GC heap before
{Heap before GC invocations=10 (full 0):
 garbage-first heap   total 94208K, used 80362K [0x0000000080000000, 0x0000000100000000)
  region size 1024K, 38 young (38912K), 5 survivors (5120K)
 Metaspace       used 24008K, committed 24256K, reserved 1114112K
  class space    used 2324K, committed 2432K, reserved 1048576K
}
Event: 4.473 GC heap after
{Heap after GC invocations=11 (full 0):
 garbage-first heap   total 163840K, used 53738K [0x0000000080000000, 0x0000000100000000)
  region size 1024K, 5 young (5120K), 5 survivors (5120K)
 Metaspace       used 24008K, committed 24256K, reserved 1114112K
  class space    used 2324K, committed 2432K, reserved 1048576K
}
Event: 4.752 GC heap before
{Heap before GC invocations=11 (full 0):
 garbage-first heap   total 163840K, used 135658K [0x0000000080000000, 0x0000000100000000)
  region size 1024K, 82 young (83968K), 5 survivors (5120K)
 Metaspace       used 24130K, committed 24320K, reserved 1114112K
  class space    used 2335K, committed 2432K, reserved 1048576K
}
Event: 4.789 GC heap after
{Heap after GC invocations=12 (full 0):
 garbage-first heap   total 163840K, used 75264K [0x0000000080000000, 0x0000000100000000)
  region size 1024K, 11 young (11264K), 11 survivors (11264K)
 Metaspace       used 24130K, committed 24320K, reserved 1114112K
  class space    used 2335K, committed 2432K, reserved 1048576K
}
Event: 4.990 GC heap before
{Heap before GC invocations=12 (full 0):
 garbage-first heap   total 163840K, used 134656K [0x0000000080000000, 0x0000000100000000)
  region size 1024K, 65 young (66560K), 11 survivors (11264K)
 Metaspace       used 24204K, committed 24384K, reserved 1114112K
  class space    used 2339K, committed 2432K, reserved 1048576K
}
Event: 5.024 GC heap after
{Heap after GC invocations=13 (full 0):
 garbage-first heap   total 163840K, used 93184K [0x0000000080000000, 0x0000000100000000)
  region size 1024K, 9 young (9216K), 9 survivors (9216K)
 Metaspace       used 24204K, committed 24384K, reserved 1114112K
  class space    used 2339K, committed 2432K, reserved 1048576K
}
Event: 5.259 GC heap before
{Heap before GC invocations=13 (full 0):
 garbage-first heap   total 163840K, used 139264K [0x0000000080000000, 0x0000000100000000)
  region size 1024K, 54 young (55296K), 9 survivors (9216K)
 Metaspace       used 24204K, committed 24384K, reserved 1114112K
  class space    used 2339K, committed 2432K, reserved 1048576K
}
Event: 5.288 GC heap after
{Heap after GC invocations=14 (full 0):
 garbage-first heap   total 163840K, used 101376K [0x0000000080000000, 0x0000000100000000)
  region size 1024K, 7 young (7168K), 7 survivors (7168K)
 Metaspace       used 24204K, committed 24384K, reserved 1114112K
  class space    used 2339K, committed 2432K, reserved 1048576K
}
Event: 5.449 GC heap before
{Heap before GC invocations=15 (full 0):
 garbage-first heap   total 163840K, used 139264K [0x0000000080000000, 0x0000000100000000)
  region size 1024K, 47 young (48128K), 7 survivors (7168K)
 Metaspace       used 24204K, committed 24384K, reserved 1114112K
  class space    used 2339K, committed 2432K, reserved 1048576K
}
Event: 5.470 GC heap after
{Heap after GC invocations=16 (full 0):
 garbage-first heap   total 163840K, used 105472K [0x0000000080000000, 0x0000000100000000)
  region size 1024K, 6 young (6144K), 6 survivors (6144K)
 Metaspace       used 24204K, committed 24384K, reserved 1114112K
  class space    used 2339K, committed 2432K, reserved 1048576K
}
Event: 5.559 GC heap before
{Heap before GC invocations=16 (full 0):
 garbage-first heap   total 163840K, used 144384K [0x0000000080000000, 0x0000000100000000)
  region size 1024K, 44 young (45056K), 6 survivors (6144K)
 Metaspace       used 24210K, committed 24384K, reserved 1114112K
  class space    used 2339K, committed 2432K, reserved 1048576K
}

